<?xml version="1.0" encoding="UTF-8"?>
<coverage generated="1778520279777" clover="3.2.0">
  <project timestamp="1778520279777" name="All files">
    <metrics statements="121" coveredstatements="76" conditionals="36" coveredconditionals="21" methods="37" coveredmethods="23" elements="194" coveredelements="120" complexity="0" loc="121" ncloc="121" packages="11" files="13" classes="13"/>
    <package name="src">
      <metrics statements="60" coveredstatements="51" conditionals="12" coveredconditionals="9" methods="11" coveredmethods="7"/>
      <file name="App.tsx" path="/Users/yekaterina/Documents/React /React-project/src/App.tsx">
        <metrics statements="60" coveredstatements="51" conditionals="12" coveredconditionals="9" methods="11" coveredmethods="7"/>
        <line num="10" count="1" type="stmt"/>
        <line num="31" count="20" type="stmt"/>
        <line num="32" count="20" type="stmt"/>
        <line num="33" count="20" type="stmt"/>
        <line num="34" count="20" type="stmt"/>
        <line num="35" count="20" type="stmt"/>
        <line num="36" count="20" type="stmt"/>
        <line num="37" count="20" type="stmt"/>
        <line num="39" count="20" type="cond" truecount="1" falsecount="1"/>
        <line num="40" count="20" type="stmt"/>
        <line num="42" count="20" type="stmt"/>
        <line num="43" count="0" type="stmt"/>
        <line num="46" count="20" type="stmt"/>
        <line num="47" count="0" type="stmt"/>
        <line num="49" count="20" type="stmt"/>
        <line num="50" count="3" type="stmt"/>
        <line num="51" count="3" type="stmt"/>
        <line num="53" count="20" type="stmt"/>
        <line num="54" count="0" type="stmt"/>
        <line num="59" count="20" type="stmt"/>
        <line num="60" count="0" type="stmt"/>
        <line num="62" count="20" type="stmt"/>
        <line num="64" count="7" type="stmt"/>
        <line num="66" count="7" type="cond" truecount="1" falsecount="1"/>
        <line num="67" count="0" type="stmt"/>
        <line num="68" count="0" type="stmt"/>
        <line num="69" count="0" type="stmt"/>
        <line num="70" count="0" type="stmt"/>
        <line num="71" count="0" type="stmt"/>
        <line num="74" count="7" type="stmt"/>
        <line num="75" count="7" type="stmt"/>
        <line num="76" count="7" type="stmt"/>
        <line num="77" count="7" type="stmt"/>
        <line num="79" count="7" type="stmt"/>
        <line num="83" count="7" type="cond" truecount="2" falsecount="0"/>
        <line num="84" count="2" type="stmt"/>
        <line num="87" count="5" type="stmt"/>
        <line num="89" count="5" type="stmt"/>
        <line num="90" count="5" type="stmt"/>
        <line num="92" count="5" type="stmt"/>
        <line num="93" count="5" type="stmt"/>
        <line num="94" count="5" type="stmt"/>
        <line num="99" count="5" type="stmt"/>
        <line num="101" count="5" type="stmt"/>
        <line num="102" count="5" type="stmt"/>
        <line num="104" count="5" type="stmt"/>
        <line num="111" count="5" type="stmt"/>
        <line num="112" count="5" type="stmt"/>
        <line num="114" count="2" type="stmt"/>
        <line num="115" count="2" type="stmt"/>
        <line num="116" count="2" type="stmt"/>
        <line num="118" count="7" type="stmt"/>
        <line num="123" count="20" type="stmt"/>
        <line num="124" count="5" type="stmt"/>
        <line num="126" count="5" type="cond" truecount="2" falsecount="0"/>
        <line num="127" count="1" type="stmt"/>
        <line num="130" count="20" type="stmt"/>
        <line num="131" count="9" type="cond" truecount="2" falsecount="0"/>
        <line num="132" count="4" type="stmt"/>
        <line num="135" count="20" type="stmt"/>
      </file>
    </package>
    <package name="src.components">
      <metrics statements="11" coveredstatements="8" conditionals="4" coveredconditionals="2" methods="5" coveredmethods="5"/>
      <file name="Bug.tsx" path="/Users/yekaterina/Documents/React /React-project/src/components/Bug.tsx">
        <metrics statements="4" coveredstatements="1" conditionals="2" coveredconditionals="0" methods="1" coveredmethods="1"/>
        <line num="6" count="20" type="stmt"/>
        <line num="7" count="0" type="cond" truecount="0" falsecount="2"/>
        <line num="8" count="0" type="stmt"/>
        <line num="10" count="0" type="stmt"/>
      </file>
      <file name="ErrorBoundary.tsx" path="/Users/yekaterina/Documents/React /React-project/src/components/ErrorBoundary.tsx">
        <metrics statements="6" coveredstatements="6" conditionals="2" coveredconditionals="2" methods="3" coveredmethods="3"/>
        <line num="12" count="7" type="stmt"/>
        <line num="16" count="2" type="stmt"/>
        <line num="19" count="1" type="stmt"/>
        <line num="22" count="24" type="cond" truecount="2" falsecount="0"/>
        <line num="23" count="2" type="stmt"/>
        <line num="30" count="22" type="stmt"/>
      </file>
      <file name="Header.tsx" path="/Users/yekaterina/Documents/React /React-project/src/components/Header.tsx">
        <metrics statements="1" coveredstatements="1" conditionals="0" coveredconditionals="0" methods="1" coveredmethods="1"/>
        <line num="5" count="20" type="stmt"/>
      </file>
    </package>
    <package name="src.components.Card">
      <metrics statements="1" coveredstatements="1" conditionals="0" coveredconditionals="0" methods="1" coveredmethods="1"/>
      <file name="Card.tsx" path="/Users/yekaterina/Documents/React /React-project/src/components/Card/Card.tsx">
        <metrics statements="1" coveredstatements="1" conditionals="0" coveredconditionals="0" methods="1" coveredmethods="1"/>
        <line num="10" count="8" type="stmt"/>
      </file>
    </package>
    <package name="src.components.CardList">
      <metrics statements="3" coveredstatements="2" conditionals="2" coveredconditionals="2" methods="3" coveredmethods="2"/>
      <file name="CardList.tsx" path="/Users/yekaterina/Documents/React /React-project/src/components/CardList/CardList.tsx">
        <metrics statements="3" coveredstatements="2" conditionals="2" coveredconditionals="2" methods="3" coveredmethods="2"/>
        <line num="15" count="13" type="stmt"/>
        <line num="22" count="7" type="stmt"/>
        <line num="26" count="0" type="stmt"/>
      </file>
    </package>
    <package name="src.components.Pagination">
      <metrics statements="4" coveredstatements="2" conditionals="2" coveredconditionals="2" methods="3" coveredmethods="1"/>
      <file name="Pagination.tsx" path="/Users/yekaterina/Documents/React /React-project/src/components/Pagination/Pagination.tsx">
        <metrics statements="4" coveredstatements="2" conditionals="2" coveredconditionals="2" methods="3" coveredmethods="1"/>
        <line num="9" count="11" type="cond" truecount="2" falsecount="0"/>
        <line num="10" count="5" type="stmt"/>
        <line num="12" count="0" type="stmt"/>
        <line num="17" count="0" type="stmt"/>
      </file>
    </package>
    <package name="src.components.PokemonDetails">
      <metrics statements="20" coveredstatements="0" conditionals="6" coveredconditionals="0" methods="3" coveredmethods="0"/>
      <file name="PokemonDetails.tsx" path="/Users/yekaterina/Documents/React /React-project/src/components/PokemonDetails/PokemonDetails.tsx">
        <metrics statements="20" coveredstatements="0" conditionals="6" coveredconditionals="0" methods="3" coveredmethods="0"/>
        <line num="14" count="0" type="stmt"/>
        <line num="15" count="0" type="stmt"/>
        <line num="16" count="0" type="stmt"/>
        <line num="17" count="0" type="stmt"/>
        <line num="18" count="0" type="stmt"/>
        <line num="19" count="0" type="stmt"/>
        <line num="20" count="0" type="stmt"/>
        <line num="21" count="0" type="stmt"/>
        <line num="24" count="0" type="cond" truecount="0" falsecount="2"/>
        <line num="25" count="0" type="stmt"/>
        <line num="27" count="0" type="stmt"/>
        <line num="28" count="0" type="stmt"/>
        <line num="30" count="0" type="stmt"/>
        <line num="31" count="0" type="stmt"/>
        <line num="33" count="0" type="stmt"/>
        <line num="37" count="0" type="stmt"/>
        <line num="39" count="0" type="cond" truecount="0" falsecount="2"/>
        <line num="40" count="0" type="stmt"/>
        <line num="42" count="0" type="cond" truecount="0" falsecount="2"/>
        <line num="43" count="0" type="stmt"/>
      </file>
    </package>
    <package name="src.components.Search">
      <metrics statements="8" coveredstatements="8" conditionals="0" coveredconditionals="0" methods="4" coveredmethods="4"/>
      <file name="Search.tsx" path="/Users/yekaterina/Documents/React /React-project/src/components/Search/Search.tsx">
        <metrics statements="8" coveredstatements="8" conditionals="0" coveredconditionals="0" methods="4" coveredmethods="4"/>
        <line num="11" count="53" type="stmt"/>
        <line num="12" count="53" type="stmt"/>
        <line num="13" count="10" type="stmt"/>
        <line num="15" count="53" type="stmt"/>
        <line num="16" count="28" type="stmt"/>
        <line num="19" count="53" type="stmt"/>
        <line num="20" count="4" type="stmt"/>
        <line num="23" count="53" type="stmt"/>
      </file>
    </package>
    <package name="src.hooks">
      <metrics statements="9" coveredstatements="0" conditionals="2" coveredconditionals="0" methods="4" coveredmethods="0"/>
      <file name="useLocalStorage.ts" path="/Users/yekaterina/Documents/React /React-project/src/hooks/useLocalStorage.ts">
        <metrics statements="9" coveredstatements="0" conditionals="2" coveredconditionals="0" methods="4" coveredmethods="0"/>
        <line num="4" count="0" type="stmt"/>
        <line num="5" count="0" type="cond" truecount="0" falsecount="2"/>
        <line num="8" count="0" type="stmt"/>
        <line num="9" count="0" type="stmt"/>
        <line num="10" count="0" type="stmt"/>
        <line num="13" count="0" type="stmt"/>
        <line num="14" count="0" type="stmt"/>
        <line num="15" count="0" type="stmt"/>
        <line num="18" count="0" type="stmt"/>
      </file>
    </package>
    <package name="src.pages">
      <metrics statements="3" coveredstatements="2" conditionals="8" coveredconditionals="6" methods="1" coveredmethods="1"/>
      <file name="Home.tsx" path="/Users/yekaterina/Documents/React /React-project/src/pages/Home.tsx">
        <metrics statements="3" coveredstatements="2" conditionals="8" coveredconditionals="6" methods="1" coveredmethods="1"/>
        <line num="45" count="20" type="cond" truecount="1" falsecount="1"/>
        <line num="46" count="0" type="stmt"/>
        <line num="49" count="20" type="stmt"/>
      </file>
    </package>
    <package name="src.pages.About">
      <metrics statements="1" coveredstatements="1" conditionals="0" coveredconditionals="0" methods="1" coveredmethods="1"/>
      <file name="About.tsx" path="/Users/yekaterina/Documents/React /React-project/src/pages/About/About.tsx">
        <metrics statements="1" coveredstatements="1" conditionals="0" coveredconditionals="0" methods="1" coveredmethods="1"/>
        <line num="3" count="1" type="stmt"/>
      </file>
    </package>
    <package name="src.pages.NotFound">
      <metrics statements="1" coveredstatements="1" conditionals="0" coveredconditionals="0" methods="1" coveredmethods="1"/>
      <file name="NotFound.tsx" path="/Users/yekaterina/Documents/React /React-project/src/pages/NotFound/NotFound.tsx">
        <metrics statements="1" coveredstatements="1" conditionals="0" coveredconditionals="0" methods="1" coveredmethods="1"/>
        <line num="5" count="1" type="stmt"/>
      </file>
    </package>
  </project>
</coverage>
