<?xml version="1.0" encoding="UTF-8"?>
<coverage generated="1777565273636" clover="3.2.0">
  <project timestamp="1777565273636" name="All files">
    <metrics statements="49" coveredstatements="41" conditionals="18" coveredconditionals="15" methods="16" coveredmethods="15" elements="83" coveredelements="71" complexity="0" loc="49" ncloc="49" packages="2" files="7" classes="7"/>
    <package name="src">
      <metrics statements="26" coveredstatements="19" conditionals="10" coveredconditionals="8" methods="4" coveredmethods="3"/>
      <file name="App.tsx" path="/Users/yekaterina/Documents/React /React-project/src/App.tsx">
        <metrics statements="26" coveredstatements="19" conditionals="10" coveredconditionals="8" methods="4" coveredmethods="3"/>
        <line num="29" count="2" type="stmt"/>
        <line num="37" count="2" type="stmt"/>
        <line num="39" count="2" type="cond" truecount="1" falsecount="1"/>
        <line num="40" count="0" type="stmt"/>
        <line num="42" count="0" type="stmt"/>
        <line num="46" count="0" type="stmt"/>
        <line num="47" count="0" type="stmt"/>
        <line num="50" count="2" type="stmt"/>
        <line num="51" count="2" type="stmt"/>
        <line num="53" count="2" type="cond" truecount="1" falsecount="1"/>
        <line num="54" count="0" type="stmt"/>
        <line num="55" count="0" type="stmt"/>
        <line num="60" count="0" type="stmt"/>
        <line num="63" count="2" type="stmt"/>
        <line num="64" count="2" type="stmt"/>
        <line num="65" count="2" type="stmt"/>
        <line num="66" count="2" type="stmt"/>
        <line num="70" count="2" type="cond" truecount="2" falsecount="0"/>
        <line num="71" count="1" type="stmt"/>
        <line num="74" count="1" type="stmt"/>
        <line num="76" count="1" type="stmt"/>
        <line num="81" count="1" type="stmt"/>
        <line num="86" count="1" type="stmt"/>
        <line num="87" count="1" type="stmt"/>
        <line num="93" count="2" type="stmt"/>
        <line num="97" count="6" type="stmt"/>
      </file>
    </package>
    <package name="src.components">
      <metrics statements="23" coveredstatements="22" conditionals="8" coveredconditionals="7" methods="12" coveredmethods="12"/>
      <file name="Bug.tsx" path="/Users/yekaterina/Documents/React /React-project/src/components/Bug.tsx">
        <metrics statements="3" coveredstatements="2" conditionals="2" coveredconditionals="1" methods="1" coveredmethods="1"/>
        <line num="9" count="6" type="cond" truecount="1" falsecount="1"/>
        <line num="10" count="0" type="stmt"/>
        <line num="12" count="6" type="stmt"/>
      </file>
      <file name="Card.tsx" path="/Users/yekaterina/Documents/React /React-project/src/components/Card.tsx">
        <metrics statements="2" coveredstatements="2" conditionals="0" coveredconditionals="0" methods="1" coveredmethods="1"/>
        <line num="11" count="4" type="stmt"/>
        <line num="12" count="4" type="stmt"/>
      </file>
      <file name="CardList.tsx" path="/Users/yekaterina/Documents/React /React-project/src/components/CardList.tsx">
        <metrics statements="3" coveredstatements="3" conditionals="2" coveredconditionals="2" methods="2" coveredmethods="2"/>
        <line num="16" count="5" type="stmt"/>
        <line num="17" count="5" type="stmt"/>
        <line num="24" count="3" type="stmt"/>
      </file>
      <file name="ErrorBoundary.tsx" path="/Users/yekaterina/Documents/React /React-project/src/components/ErrorBoundary.tsx">
        <metrics statements="6" coveredstatements="6" conditionals="2" coveredconditionals="2" methods="3" coveredmethods="3"/>
        <line num="12" count="4" type="stmt"/>
        <line num="16" count="2" type="stmt"/>
        <line num="19" count="1" type="stmt"/>
        <line num="22" count="10" type="cond" truecount="2" falsecount="0"/>
        <line num="23" count="2" type="stmt"/>
        <line num="30" count="8" type="stmt"/>
      </file>
      <file name="Header.tsx" path="/Users/yekaterina/Documents/React /React-project/src/components/Header.tsx">
        <metrics statements="1" coveredstatements="1" conditionals="0" coveredconditionals="0" methods="1" coveredmethods="1"/>
        <line num="5" count="6" type="stmt"/>
      </file>
      <file name="Search.tsx" path="/Users/yekaterina/Documents/React /React-project/src/components/Search.tsx">
        <metrics statements="8" coveredstatements="8" conditionals="2" coveredconditionals="2" methods="4" coveredmethods="4"/>
        <line num="14" count="3" type="stmt"/>
        <line num="19" count="28" type="cond" truecount="2" falsecount="0"/>
        <line num="20" count="2" type="stmt"/>
        <line num="24" count="22" type="stmt"/>
        <line num="25" count="22" type="stmt"/>
        <line num="28" count="3" type="stmt"/>
        <line num="29" count="3" type="stmt"/>
        <line num="33" count="31" type="stmt"/>
      </file>
    </package>
  </project>
</coverage>
