{"/Users/yekaterina/Documents/React /React-project/src/App.tsx": {"path":"/Users/yekaterina/Documents/React /React-project/src/App.tsx","statementMap":{"0":{"start":{"line":10,"column":23},"end":{"line":10,"column":null}},"1":{"start":{"line":31,"column":21},"end":{"line":31,"column":50}},"2":{"start":{"line":32,"column":16},"end":{"line":32,"column":48}},"3":{"start":{"line":33,"column":18},"end":{"line":33,"column":47}},"4":{"start":{"line":34,"column":16},"end":{"line":34,"column":57}},"5":{"start":{"line":35,"column":23},"end":{"line":35,"column":57}},"6":{"start":{"line":36,"column":23},"end":{"line":36,"column":59}},"7":{"start":{"line":37,"column":23},"end":{"line":37,"column":53}},"8":{"start":{"line":39,"column":15},"end":{"line":39,"column":null}},"9":{"start":{"line":40,"column":26},"end":{"line":40,"column":53}},"10":{"start":{"line":42,"column":8},"end":{"line":43,"column":null}},"11":{"start":{"line":43,"column":4},"end":{"line":43,"column":null}},"12":{"start":{"line":46,"column":8},"end":{"line":47,"column":null}},"13":{"start":{"line":47,"column":4},"end":{"line":47,"column":null}},"14":{"start":{"line":49,"column":8},"end":{"line":51,"column":null}},"15":{"start":{"line":50,"column":4},"end":{"line":50,"column":null}},"16":{"start":{"line":51,"column":4},"end":{"line":51,"column":null}},"17":{"start":{"line":53,"column":8},"end":{"line":57,"column":null}},"18":{"start":{"line":54,"column":4},"end":{"line":57,"column":null}},"19":{"start":{"line":59,"column":8},"end":{"line":60,"column":null}},"20":{"start":{"line":60,"column":4},"end":{"line":60,"column":null}},"21":{"start":{"line":62,"column":8},"end":{"line":121,"column":null}},"22":{"start":{"line":64,"column":22},"end":{"line":64,"column":34}},"23":{"start":{"line":66,"column":6},"end":{"line":71,"column":null}},"24":{"start":{"line":67,"column":8},"end":{"line":67,"column":null}},"25":{"start":{"line":68,"column":8},"end":{"line":68,"column":null}},"26":{"start":{"line":69,"column":8},"end":{"line":69,"column":null}},"27":{"start":{"line":70,"column":8},"end":{"line":70,"column":null}},"28":{"start":{"line":71,"column":8},"end":{"line":71,"column":null}},"29":{"start":{"line":74,"column":6},"end":{"line":118,"column":null}},"30":{"start":{"line":75,"column":8},"end":{"line":75,"column":null}},"31":{"start":{"line":76,"column":8},"end":{"line":76,"column":null}},"32":{"start":{"line":77,"column":8},"end":{"line":77,"column":null}},"33":{"start":{"line":79,"column":25},"end":{"line":80,"column":null}},"34":{"start":{"line":83,"column":8},"end":{"line":84,"column":null}},"35":{"start":{"line":84,"column":10},"end":{"line":84,"column":null}},"36":{"start":{"line":87,"column":42},"end":{"line":87,"column":63}},"37":{"start":{"line":89,"column":30},"end":{"line":90,"column":null}},"38":{"start":{"line":90,"column":10},"end":{"line":90,"column":54}},"39":{"start":{"line":92,"column":8},"end":{"line":92,"column":null}},"40":{"start":{"line":93,"column":14},"end":{"line":93,"column":null}},"41":{"start":{"line":94,"column":29},"end":{"line":96,"column":null}},"42":{"start":{"line":99,"column":25},"end":{"line":108,"column":null}},"43":{"start":{"line":101,"column":24},"end":{"line":101,"column":48}},"44":{"start":{"line":102,"column":52},"end":{"line":102,"column":68}},"45":{"start":{"line":104,"column":12},"end":{"line":107,"column":null}},"46":{"start":{"line":111,"column":8},"end":{"line":111,"column":null}},"47":{"start":{"line":112,"column":8},"end":{"line":112,"column":null}},"48":{"start":{"line":114,"column":8},"end":{"line":114,"column":null}},"49":{"start":{"line":115,"column":8},"end":{"line":115,"column":null}},"50":{"start":{"line":116,"column":8},"end":{"line":116,"column":null}},"51":{"start":{"line":118,"column":8},"end":{"line":118,"column":null}},"52":{"start":{"line":123,"column":2},"end":{"line":129,"column":null}},"53":{"start":{"line":124,"column":18},"end":{"line":124,"column":52}},"54":{"start":{"line":126,"column":4},"end":{"line":127,"column":null}},"55":{"start":{"line":127,"column":6},"end":{"line":127,"column":null}},"56":{"start":{"line":130,"column":2},"end":{"line":134,"column":null}},"57":{"start":{"line":131,"column":4},"end":{"line":132,"column":null}},"58":{"start":{"line":132,"column":6},"end":{"line":132,"column":null}},"59":{"start":{"line":135,"column":2},"end":{"line":169,"column":null}}},"fnMap":{"0":{"name":"App","decl":{"start":{"line":30,"column":9},"end":{"line":30,"column":15}},"loc":{"start":{"line":30,"column":15},"end":{"line":169,"column":null}},"line":30},"1":{"name":"(anonymous_1)","decl":{"start":{"line":42,"column":8},"end":{"line":42,"column":32}},"loc":{"start":{"line":42,"column":32},"end":{"line":43,"column":null}},"line":42},"2":{"name":"(anonymous_2)","decl":{"start":{"line":46,"column":8},"end":{"line":46,"column":28}},"loc":{"start":{"line":46,"column":48},"end":{"line":47,"column":null}},"line":46},"3":{"name":"(anonymous_3)","decl":{"start":{"line":49,"column":8},"end":{"line":49,"column":28}},"loc":{"start":{"line":49,"column":46},"end":{"line":51,"column":null}},"line":49},"4":{"name":"(anonymous_4)","decl":{"start":{"line":53,"column":8},"end":{"line":53,"column":27}},"loc":{"start":{"line":53,"column":44},"end":{"line":57,"column":null}},"line":53},"5":{"name":"(anonymous_5)","decl":{"start":{"line":59,"column":8},"end":{"line":59,"column":35}},"loc":{"start":{"line":59,"column":35},"end":{"line":60,"column":null}},"line":59},"6":{"name":"(anonymous_6)","decl":{"start":{"line":63,"column":4},"end":{"line":63,"column":11}},"loc":{"start":{"line":63,"column":29},"end":{"line":121,"column":5}},"line":63},"7":{"name":"(anonymous_7)","decl":{"start":{"line":89,"column":43},"end":{"line":89,"column":51}},"loc":{"start":{"line":90,"column":10},"end":{"line":90,"column":54}},"line":90},"8":{"name":"(anonymous_8)","decl":{"start":{"line":100,"column":27},"end":{"line":100,"column":34}},"loc":{"start":{"line":100,"column":46},"end":{"line":108,"column":null}},"line":100},"9":{"name":"(anonymous_9)","decl":{"start":{"line":123,"column":2},"end":{"line":123,"column":18}},"loc":{"start":{"line":123,"column":18},"end":{"line":129,"column":7}},"line":123},"10":{"name":"(anonymous_10)","decl":{"start":{"line":130,"column":2},"end":{"line":130,"column":18}},"loc":{"start":{"line":130,"column":18},"end":{"line":134,"column":6}},"line":130}},"branchMap":{"0":{"loc":{"start":{"line":39,"column":15},"end":{"line":39,"column":null}},"type":"binary-expr","locations":[{"start":{"line":39,"column":15},"end":{"line":39,"column":47}},{"start":{"line":39,"column":51},"end":{"line":39,"column":null}}],"line":39},"1":{"loc":{"start":{"line":66,"column":6},"end":{"line":71,"column":null}},"type":"if","locations":[{"start":{"line":66,"column":6},"end":{"line":71,"column":null}},{"start":{},"end":{}}],"line":66},"2":{"loc":{"start":{"line":83,"column":8},"end":{"line":84,"column":null}},"type":"if","locations":[{"start":{"line":83,"column":8},"end":{"line":84,"column":null}},{"start":{},"end":{}}],"line":83},"3":{"loc":{"start":{"line":126,"column":4},"end":{"line":127,"column":null}},"type":"if","locations":[{"start":{"line":126,"column":4},"end":{"line":127,"column":null}},{"start":{},"end":{}}],"line":126},"4":{"loc":{"start":{"line":131,"column":4},"end":{"line":132,"column":null}},"type":"if","locations":[{"start":{"line":131,"column":4},"end":{"line":132,"column":null}},{"start":{},"end":{}}],"line":131},"5":{"loc":{"start":{"line":162,"column":14},"end":{"line":162,"column":null}},"type":"cond-expr","locations":[{"start":{"line":162,"column":32},"end":{"line":162,"column":null}},{"start":{"line":162,"column":76},"end":{"line":162,"column":null}}],"line":162}},"s":{"0":1,"1":20,"2":20,"3":20,"4":20,"5":20,"6":20,"7":20,"8":20,"9":20,"10":20,"11":0,"12":20,"13":0,"14":20,"15":3,"16":3,"17":20,"18":0,"19":20,"20":0,"21":20,"22":7,"23":7,"24":0,"25":0,"26":0,"27":0,"28":0,"29":7,"30":7,"31":7,"32":7,"33":7,"34":7,"35":2,"36":5,"37":5,"38":5,"39":5,"40":5,"41":5,"42":5,"43":5,"44":5,"45":5,"46":5,"47":5,"48":2,"49":2,"50":2,"51":7,"52":20,"53":5,"54":5,"55":1,"56":20,"57":9,"58":4,"59":20},"f":{"0":20,"1":0,"2":0,"3":3,"4":0,"5":0,"6":7,"7":5,"8":5,"9":5,"10":9},"b":{"0":[20,0],"1":[0,7],"2":[2,5],"3":[1,4],"4":[4,5],"5":[0,20]},"meta":{"lastBranch":6,"lastFunction":11,"lastStatement":60,"seen":{"s:10:23:10:Infinity":0,"f:30:9:30:15":0,"s:31:21:31:50":1,"s:32:16:32:48":2,"s:33:18:33:47":3,"s:34:16:34:57":4,"s:35:23:35:57":5,"s:36:23:36:59":6,"s:37:23:37:53":7,"s:39:15:39:Infinity":8,"b:39:15:39:47:39:51:39:Infinity":0,"s:40:26:40:53":9,"s:42:8:43:Infinity":10,"f:42:8:42:32":1,"s:43:4:43:Infinity":11,"s:46:8:47:Infinity":12,"f:46:8:46:28":2,"s:47:4:47:Infinity":13,"s:49:8:51:Infinity":14,"f:49:8:49:28":3,"s:50:4:50:Infinity":15,"s:51:4:51:Infinity":16,"s:53:8:57:Infinity":17,"f:53:8:53:27":4,"s:54:4:57:Infinity":18,"s:59:8:60:Infinity":19,"f:59:8:59:35":5,"s:60:4:60:Infinity":20,"s:62:8:121:Infinity":21,"f:63:4:63:11":6,"s:64:22:64:34":22,"b:66:6:71:Infinity:undefined:undefined:undefined:undefined":1,"s:66:6:71:Infinity":23,"s:67:8:67:Infinity":24,"s:68:8:68:Infinity":25,"s:69:8:69:Infinity":26,"s:70:8:70:Infinity":27,"s:71:8:71:Infinity":28,"s:74:6:118:Infinity":29,"s:75:8:75:Infinity":30,"s:76:8:76:Infinity":31,"s:77:8:77:Infinity":32,"s:79:25:80:Infinity":33,"b:83:8:84:Infinity:undefined:undefined:undefined:undefined":2,"s:83:8:84:Infinity":34,"s:84:10:84:Infinity":35,"s:87:42:87:63":36,"s:89:30:90:Infinity":37,"f:89:43:89:51":7,"s:90:10:90:54":38,"s:92:8:92:Infinity":39,"s:93:14:93:Infinity":40,"s:94:29:96:Infinity":41,"s:99:25:108:Infinity":42,"f:100:27:100:34":8,"s:101:24:101:48":43,"s:102:52:102:68":44,"s:104:12:107:Infinity":45,"s:111:8:111:Infinity":46,"s:112:8:112:Infinity":47,"s:114:8:114:Infinity":48,"s:115:8:115:Infinity":49,"s:116:8:116:Infinity":50,"s:118:8:118:Infinity":51,"s:123:2:129:Infinity":52,"f:123:2:123:18":9,"s:124:18:124:52":53,"b:126:4:127:Infinity:undefined:undefined:undefined:undefined":3,"s:126:4:127:Infinity":54,"s:127:6:127:Infinity":55,"s:130:2:134:Infinity":56,"f:130:2:130:18":10,"b:131:4:132:Infinity:undefined:undefined:undefined:undefined":4,"s:131:4:132:Infinity":57,"s:132:6:132:Infinity":58,"s:135:2:169:Infinity":59,"b:162:32:162:Infinity:162:76:162:Infinity":5}}}
,"/Users/yekaterina/Documents/React /React-project/src/components/Bug.tsx": {"path":"/Users/yekaterina/Documents/React /React-project/src/components/Bug.tsx","statementMap":{"0":{"start":{"line":6,"column":2},"end":{"line":6,"column":null}},"1":{"start":{"line":7,"column":2},"end":{"line":8,"column":null}},"2":{"start":{"line":8,"column":4},"end":{"line":8,"column":null}},"3":{"start":{"line":10,"column":2},"end":{"line":10,"column":null}}},"fnMap":{"0":{"name":"Bug","decl":{"start":{"line":5,"column":9},"end":{"line":5,"column":13}},"loc":{"start":{"line":5,"column":40},"end":{"line":10,"column":null}},"line":5}},"branchMap":{"0":{"loc":{"start":{"line":7,"column":2},"end":{"line":8,"column":null}},"type":"if","locations":[{"start":{"line":7,"column":2},"end":{"line":8,"column":null}},{"start":{},"end":{}}],"line":7}},"s":{"0":20,"1":0,"2":0,"3":0},"f":{"0":20},"b":{"0":[0,0]},"meta":{"lastBranch":1,"lastFunction":1,"lastStatement":4,"seen":{"f:5:9:5:13":0,"s:6:2:6:Infinity":0,"b:7:2:8:Infinity:undefined:undefined:undefined:undefined":0,"s:7:2:8:Infinity":1,"s:8:4:8:Infinity":2,"s:10:2:10:Infinity":3}}}
,"/Users/yekaterina/Documents/React /React-project/src/components/ErrorBoundary.tsx": {"path":"/Users/yekaterina/Documents/React /React-project/src/components/ErrorBoundary.tsx","statementMap":{"0":{"start":{"line":12,"column":17},"end":{"line":13,"column":null}},"1":{"start":{"line":16,"column":4},"end":{"line":16,"column":null}},"2":{"start":{"line":19,"column":4},"end":{"line":19,"column":null}},"3":{"start":{"line":22,"column":4},"end":{"line":26,"column":null}},"4":{"start":{"line":23,"column":6},"end":{"line":26,"column":null}},"5":{"start":{"line":30,"column":4},"end":{"line":30,"column":null}}},"fnMap":{"0":{"name":"(anonymous_0)","decl":{"start":{"line":15,"column":9},"end":{"line":15,"column":43}},"loc":{"start":{"line":15,"column":43},"end":{"line":16,"column":null}},"line":15},"1":{"name":"(anonymous_1)","decl":{"start":{"line":18,"column":2},"end":{"line":18,"column":20}},"loc":{"start":{"line":18,"column":40},"end":{"line":19,"column":null}},"line":18},"2":{"name":"(anonymous_2)","decl":{"start":{"line":21,"column":2},"end":{"line":21,"column":11}},"loc":{"start":{"line":21,"column":11},"end":{"line":30,"column":null}},"line":21}},"branchMap":{"0":{"loc":{"start":{"line":22,"column":4},"end":{"line":26,"column":null}},"type":"if","locations":[{"start":{"line":22,"column":4},"end":{"line":26,"column":null}},{"start":{},"end":{}}],"line":22}},"s":{"0":7,"1":2,"2":1,"3":24,"4":2,"5":22},"f":{"0":7,"1":1,"2":24},"b":{"0":[2,22]},"meta":{"lastBranch":1,"lastFunction":3,"lastStatement":6,"seen":{"s:12:17:13:Infinity":0,"f:15:9:15:43":0,"s:16:4:16:Infinity":1,"f:18:2:18:20":1,"s:19:4:19:Infinity":2,"f:21:2:21:11":2,"b:22:4:26:Infinity:undefined:undefined:undefined:undefined":0,"s:22:4:26:Infinity":3,"s:23:6:26:Infinity":4,"s:30:4:30:Infinity":5}}}
,"/Users/yekaterina/Documents/React /React-project/src/components/Header.tsx": {"path":"/Users/yekaterina/Documents/React /React-project/src/components/Header.tsx","statementMap":{"0":{"start":{"line":5,"column":2},"end":{"line":10,"column":null}}},"fnMap":{"0":{"name":"Header","decl":{"start":{"line":4,"column":9},"end":{"line":4,"column":18}},"loc":{"start":{"line":4,"column":18},"end":{"line":10,"column":null}},"line":4}},"branchMap":{},"s":{"0":20},"f":{"0":20},"b":{},"meta":{"lastBranch":0,"lastFunction":1,"lastStatement":1,"seen":{"f:4:9:4:18":0,"s:5:2:10:Infinity":0}}}
,"/Users/yekaterina/Documents/React /React-project/src/components/Card/Card.tsx": {"path":"/Users/yekaterina/Documents/React /React-project/src/components/Card/Card.tsx","statementMap":{"0":{"start":{"line":10,"column":2},"end":{"line":13,"column":null}}},"fnMap":{"0":{"name":"Card","decl":{"start":{"line":9,"column":9},"end":{"line":9,"column":14}},"loc":{"start":{"line":9,"column":53},"end":{"line":13,"column":null}},"line":9}},"branchMap":{},"s":{"0":8},"f":{"0":8},"b":{},"meta":{"lastBranch":0,"lastFunction":1,"lastStatement":1,"seen":{"f:9:9:9:14":0,"s:10:2:13:Infinity":0}}}
,"/Users/yekaterina/Documents/React /React-project/src/components/CardList/CardList.tsx": {"path":"/Users/yekaterina/Documents/React /React-project/src/components/CardList/CardList.tsx","statementMap":{"0":{"start":{"line":15,"column":2},"end":{"line":28,"column":null}},"1":{"start":{"line":22,"column":10},"end":{"line":27,"column":null}},"2":{"start":{"line":26,"column":27},"end":{"line":26,"column":null}}},"fnMap":{"0":{"name":"CardList","decl":{"start":{"line":14,"column":9},"end":{"line":14,"column":18}},"loc":{"start":{"line":14,"column":49},"end":{"line":28,"column":null}},"line":14},"1":{"name":"(anonymous_1)","decl":{"start":{"line":21,"column":14},"end":{"line":21,"column":19}},"loc":{"start":{"line":22,"column":10},"end":{"line":27,"column":null}},"line":22},"2":{"name":"(anonymous_2)","decl":{"start":{"line":26,"column":12},"end":{"line":26,"column":27}},"loc":{"start":{"line":26,"column":27},"end":{"line":26,"column":null}},"line":26}},"branchMap":{"0":{"loc":{"start":{"line":18,"column":7},"end":{"line":27,"column":null}},"type":"cond-expr","locations":[{"start":{"line":19,"column":8},"end":{"line":21,"column":14}},{"start":{"line":21,"column":8},"end":{"line":27,"column":null}}],"line":18}},"s":{"0":13,"1":7,"2":0},"f":{"0":13,"1":7,"2":0},"b":{"0":[7,6]},"meta":{"lastBranch":1,"lastFunction":3,"lastStatement":3,"seen":{"f:14:9:14:18":0,"s:15:2:28:Infinity":0,"b:19:8:21:14:21:8:27:Infinity":0,"f:21:14:21:19":1,"s:22:10:27:Infinity":1,"f:26:12:26:27":2,"s:26:27:26:Infinity":2}}}
,"/Users/yekaterina/Documents/React /React-project/src/components/Pagination/Pagination.tsx": {"path":"/Users/yekaterina/Documents/React /React-project/src/components/Pagination/Pagination.tsx","statementMap":{"0":{"start":{"line":9,"column":2},"end":{"line":9,"column":null}},"1":{"start":{"line":9,"column":19},"end":{"line":9,"column":null}},"2":{"start":{"line":10,"column":2},"end":{"line":19,"column":null}},"3":{"start":{"line":12,"column":29},"end":{"line":12,"column":51}},"4":{"start":{"line":17,"column":29},"end":{"line":17,"column":51}}},"fnMap":{"0":{"name":"Pagination","decl":{"start":{"line":8,"column":9},"end":{"line":8,"column":20}},"loc":{"start":{"line":8,"column":76},"end":{"line":19,"column":null}},"line":8},"1":{"name":"(anonymous_1)","decl":{"start":{"line":12,"column":14},"end":{"line":12,"column":29}},"loc":{"start":{"line":12,"column":29},"end":{"line":12,"column":51}},"line":12},"2":{"name":"(anonymous_2)","decl":{"start":{"line":17,"column":14},"end":{"line":17,"column":29}},"loc":{"start":{"line":17,"column":29},"end":{"line":17,"column":51}},"line":17}},"branchMap":{"0":{"loc":{"start":{"line":9,"column":2},"end":{"line":9,"column":null}},"type":"if","locations":[{"start":{"line":9,"column":2},"end":{"line":9,"column":null}},{"start":{},"end":{}}],"line":9}},"s":{"0":11,"1":6,"2":5,"3":0,"4":0},"f":{"0":11,"1":0,"2":0},"b":{"0":[6,5]},"meta":{"lastBranch":1,"lastFunction":3,"lastStatement":5,"seen":{"f:8:9:8:20":0,"b:9:2:9:Infinity:undefined:undefined:undefined:undefined":0,"s:9:2:9:Infinity":0,"s:9:19:9:Infinity":1,"s:10:2:19:Infinity":2,"f:12:14:12:29":1,"s:12:29:12:51":3,"f:17:14:17:29":2,"s:17:29:17:51":4}}}
,"/Users/yekaterina/Documents/React /React-project/src/components/PokemonDetails/PokemonDetails.tsx": {"path":"/Users/yekaterina/Documents/React /React-project/src/components/PokemonDetails/PokemonDetails.tsx","statementMap":{"0":{"start":{"line":14,"column":18},"end":{"line":14,"column":69}},"1":{"start":{"line":15,"column":18},"end":{"line":15,"column":47}},"2":{"start":{"line":16,"column":2},"end":{"line":38,"column":null}},"3":{"start":{"line":17,"column":25},"end":{"line":33,"column":null}},"4":{"start":{"line":18,"column":6},"end":{"line":33,"column":null}},"5":{"start":{"line":19,"column":8},"end":{"line":19,"column":null}},"6":{"start":{"line":20,"column":8},"end":{"line":20,"column":null}},"7":{"start":{"line":21,"column":25},"end":{"line":22,"column":null}},"8":{"start":{"line":24,"column":8},"end":{"line":25,"column":null}},"9":{"start":{"line":25,"column":10},"end":{"line":25,"column":null}},"10":{"start":{"line":27,"column":37},"end":{"line":27,"column":58}},"11":{"start":{"line":28,"column":8},"end":{"line":28,"column":null}},"12":{"start":{"line":30,"column":8},"end":{"line":30,"column":null}},"13":{"start":{"line":31,"column":8},"end":{"line":31,"column":null}},"14":{"start":{"line":33,"column":8},"end":{"line":33,"column":null}},"15":{"start":{"line":37,"column":4},"end":{"line":37,"column":null}},"16":{"start":{"line":39,"column":2},"end":{"line":40,"column":null}},"17":{"start":{"line":40,"column":4},"end":{"line":40,"column":null}},"18":{"start":{"line":42,"column":2},"end":{"line":42,"column":null}},"19":{"start":{"line":42,"column":16},"end":{"line":42,"column":null}},"20":{"start":{"line":43,"column":2},"end":{"line":48,"column":null}}},"fnMap":{"0":{"name":"PokemonDetails","decl":{"start":{"line":13,"column":9},"end":{"line":13,"column":24}},"loc":{"start":{"line":13,"column":41},"end":{"line":48,"column":null}},"line":13},"1":{"name":"(anonymous_1)","decl":{"start":{"line":16,"column":2},"end":{"line":16,"column":18}},"loc":{"start":{"line":16,"column":18},"end":{"line":38,"column":6}},"line":16},"2":{"name":"(anonymous_2)","decl":{"start":{"line":17,"column":25},"end":{"line":17,"column":37}},"loc":{"start":{"line":17,"column":37},"end":{"line":33,"column":null}},"line":17}},"branchMap":{"0":{"loc":{"start":{"line":24,"column":8},"end":{"line":25,"column":null}},"type":"if","locations":[{"start":{"line":24,"column":8},"end":{"line":25,"column":null}},{"start":{},"end":{}}],"line":24},"1":{"loc":{"start":{"line":39,"column":2},"end":{"line":40,"column":null}},"type":"if","locations":[{"start":{"line":39,"column":2},"end":{"line":40,"column":null}},{"start":{},"end":{}}],"line":39},"2":{"loc":{"start":{"line":42,"column":2},"end":{"line":42,"column":null}},"type":"if","locations":[{"start":{"line":42,"column":2},"end":{"line":42,"column":null}},{"start":{},"end":{}}],"line":42}},"s":{"0":0,"1":0,"2":0,"3":0,"4":0,"5":0,"6":0,"7":0,"8":0,"9":0,"10":0,"11":0,"12":0,"13":0,"14":0,"15":0,"16":0,"17":0,"18":0,"19":0,"20":0},"f":{"0":0,"1":0,"2":0},"b":{"0":[0,0],"1":[0,0],"2":[0,0]},"meta":{"lastBranch":3,"lastFunction":3,"lastStatement":21,"seen":{"f:13:9:13:24":0,"s:14:18:14:69":0,"s:15:18:15:47":1,"s:16:2:38:Infinity":2,"f:16:2:16:18":1,"s:17:25:33:Infinity":3,"f:17:25:17:37":2,"s:18:6:33:Infinity":4,"s:19:8:19:Infinity":5,"s:20:8:20:Infinity":6,"s:21:25:22:Infinity":7,"b:24:8:25:Infinity:undefined:undefined:undefined:undefined":0,"s:24:8:25:Infinity":8,"s:25:10:25:Infinity":9,"s:27:37:27:58":10,"s:28:8:28:Infinity":11,"s:30:8:30:Infinity":12,"s:31:8:31:Infinity":13,"s:33:8:33:Infinity":14,"s:37:4:37:Infinity":15,"b:39:2:40:Infinity:undefined:undefined:undefined:undefined":1,"s:39:2:40:Infinity":16,"s:40:4:40:Infinity":17,"b:42:2:42:Infinity:undefined:undefined:undefined:undefined":2,"s:42:2:42:Infinity":18,"s:42:16:42:Infinity":19,"s:43:2:48:Infinity":20}}}
,"/Users/yekaterina/Documents/React /React-project/src/components/Search/Search.tsx": {"path":"/Users/yekaterina/Documents/React /React-project/src/components/Search/Search.tsx","statementMap":{"0":{"start":{"line":11,"column":21},"end":{"line":11,"column":53}},"1":{"start":{"line":12,"column":2},"end":{"line":14,"column":null}},"2":{"start":{"line":13,"column":4},"end":{"line":13,"column":null}},"3":{"start":{"line":15,"column":8},"end":{"line":16,"column":null}},"4":{"start":{"line":16,"column":4},"end":{"line":16,"column":null}},"5":{"start":{"line":19,"column":8},"end":{"line":20,"column":null}},"6":{"start":{"line":20,"column":4},"end":{"line":20,"column":null}},"7":{"start":{"line":23,"column":2},"end":{"line":34,"column":null}}},"fnMap":{"0":{"name":"Search","decl":{"start":{"line":10,"column":9},"end":{"line":10,"column":16}},"loc":{"start":{"line":10,"column":44},"end":{"line":34,"column":null}},"line":10},"1":{"name":"(anonymous_1)","decl":{"start":{"line":12,"column":2},"end":{"line":12,"column":18}},"loc":{"start":{"line":12,"column":18},"end":{"line":14,"column":6}},"line":12},"2":{"name":"(anonymous_2)","decl":{"start":{"line":15,"column":8},"end":{"line":15,"column":24}},"loc":{"start":{"line":15,"column":67},"end":{"line":16,"column":null}},"line":15},"3":{"name":"(anonymous_3)","decl":{"start":{"line":19,"column":8},"end":{"line":19,"column":34}},"loc":{"start":{"line":19,"column":34},"end":{"line":20,"column":null}},"line":19}},"branchMap":{},"s":{"0":53,"1":53,"2":10,"3":53,"4":28,"5":53,"6":4,"7":53},"f":{"0":53,"1":10,"2":28,"3":4},"b":{},"meta":{"lastBranch":0,"lastFunction":4,"lastStatement":8,"seen":{"f:10:9:10:16":0,"s:11:21:11:53":0,"s:12:2:14:Infinity":1,"f:12:2:12:18":1,"s:13:4:13:Infinity":2,"s:15:8:16:Infinity":3,"f:15:8:15:24":2,"s:16:4:16:Infinity":4,"s:19:8:20:Infinity":5,"f:19:8:19:34":3,"s:20:4:20:Infinity":6,"s:23:2:34:Infinity":7}}}
,"/Users/yekaterina/Documents/React /React-project/src/hooks/useLocalStorage.ts": {"path":"/Users/yekaterina/Documents/React /React-project/src/hooks/useLocalStorage.ts","statementMap":{"0":{"start":{"line":4,"column":22},"end":{"line":6,"column":null}},"1":{"start":{"line":5,"column":4},"end":{"line":5,"column":null}},"2":{"start":{"line":8,"column":8},"end":{"line":10,"column":null}},"3":{"start":{"line":9,"column":4},"end":{"line":9,"column":null}},"4":{"start":{"line":10,"column":4},"end":{"line":10,"column":null}},"5":{"start":{"line":13,"column":8},"end":{"line":15,"column":null}},"6":{"start":{"line":14,"column":4},"end":{"line":14,"column":null}},"7":{"start":{"line":15,"column":4},"end":{"line":15,"column":null}},"8":{"start":{"line":18,"column":2},"end":{"line":22,"column":null}}},"fnMap":{"0":{"name":"useLocalStorage","decl":{"start":{"line":3,"column":9},"end":{"line":3,"column":25}},"loc":{"start":{"line":3,"column":60},"end":{"line":22,"column":null}},"line":3},"1":{"name":"(anonymous_1)","decl":{"start":{"line":4,"column":40},"end":{"line":4,"column":55}},"loc":{"start":{"line":4,"column":55},"end":{"line":6,"column":null}},"line":4},"2":{"name":"(anonymous_2)","decl":{"start":{"line":8,"column":8},"end":{"line":8,"column":20}},"loc":{"start":{"line":8,"column":38},"end":{"line":10,"column":null}},"line":8},"3":{"name":"(anonymous_3)","decl":{"start":{"line":13,"column":8},"end":{"line":13,"column":28}},"loc":{"start":{"line":13,"column":28},"end":{"line":15,"column":null}},"line":13}},"branchMap":{"0":{"loc":{"start":{"line":5,"column":11},"end":{"line":5,"column":null}},"type":"binary-expr","locations":[{"start":{"line":5,"column":11},"end":{"line":5,"column":36}},{"start":{"line":5,"column":40},"end":{"line":5,"column":null}}],"line":5}},"s":{"0":0,"1":0,"2":0,"3":0,"4":0,"5":0,"6":0,"7":0,"8":0},"f":{"0":0,"1":0,"2":0,"3":0},"b":{"0":[0,0]},"meta":{"lastBranch":1,"lastFunction":4,"lastStatement":9,"seen":{"f:3:9:3:25":0,"s:4:22:6:Infinity":0,"f:4:40:4:55":1,"s:5:4:5:Infinity":1,"b:5:11:5:36:5:40:5:Infinity":0,"s:8:8:10:Infinity":2,"f:8:8:8:20":2,"s:9:4:9:Infinity":3,"s:10:4:10:Infinity":4,"s:13:8:15:Infinity":5,"f:13:8:13:28":3,"s:14:4:14:Infinity":6,"s:15:4:15:Infinity":7,"s:18:2:22:Infinity":8}}}
,"/Users/yekaterina/Documents/React /React-project/src/pages/Home.tsx": {"path":"/Users/yekaterina/Documents/React /React-project/src/pages/Home.tsx","statementMap":{"0":{"start":{"line":45,"column":2},"end":{"line":46,"column":null}},"1":{"start":{"line":46,"column":4},"end":{"line":46,"column":null}},"2":{"start":{"line":49,"column":2},"end":{"line":90,"column":null}}},"fnMap":{"0":{"name":"Home","decl":{"start":{"line":30,"column":9},"end":{"line":30,"column":14}},"loc":{"start":{"line":44,"column":10},"end":{"line":90,"column":null}},"line":44}},"branchMap":{"0":{"loc":{"start":{"line":45,"column":2},"end":{"line":46,"column":null}},"type":"if","locations":[{"start":{"line":45,"column":2},"end":{"line":46,"column":null}},{"start":{},"end":{}}],"line":45},"1":{"loc":{"start":{"line":59,"column":13},"end":{"line":73,"column":null}},"type":"cond-expr","locations":[{"start":{"line":60,"column":14},"end":{"line":61,"column":null}},{"start":{"line":61,"column":16},"end":{"line":73,"column":null}}],"line":59},"2":{"loc":{"start":{"line":61,"column":16},"end":{"line":73,"column":null}},"type":"cond-expr","locations":[{"start":{"line":62,"column":14},"end":{"line":64,"column":null}},{"start":{"line":64,"column":14},"end":{"line":73,"column":null}}],"line":61},"3":{"loc":{"start":{"line":76,"column":11},"end":{"line":79,"column":null}},"type":"binary-expr","locations":[{"start":{"line":76,"column":11},"end":{"line":76,"column":null}},{"start":{"line":77,"column":12},"end":{"line":79,"column":null}}],"line":76}},"s":{"0":20,"1":0,"2":20},"f":{"0":20},"b":{"0":[0,20],"1":[7,13],"2":[2,11],"3":[20,0]},"meta":{"lastBranch":4,"lastFunction":1,"lastStatement":3,"seen":{"f:30:9:30:14":0,"b:45:2:46:Infinity:undefined:undefined:undefined:undefined":0,"s:45:2:46:Infinity":0,"s:46:4:46:Infinity":1,"s:49:2:90:Infinity":2,"b:60:14:61:Infinity:61:16:73:Infinity":1,"b:62:14:64:Infinity:64:14:73:Infinity":2,"b:76:11:76:Infinity:77:12:79:Infinity":3}}}
,"/Users/yekaterina/Documents/React /React-project/src/pages/About/About.tsx": {"path":"/Users/yekaterina/Documents/React /React-project/src/pages/About/About.tsx","statementMap":{"0":{"start":{"line":3,"column":2},"end":{"line":13,"column":null}}},"fnMap":{"0":{"name":"About","decl":{"start":{"line":2,"column":9},"end":{"line":2,"column":17}},"loc":{"start":{"line":2,"column":17},"end":{"line":13,"column":null}},"line":2}},"branchMap":{},"s":{"0":1},"f":{"0":1},"b":{},"meta":{"lastBranch":0,"lastFunction":1,"lastStatement":1,"seen":{"f:2:9:2:17":0,"s:3:2:13:Infinity":0}}}
,"/Users/yekaterina/Documents/React /React-project/src/pages/NotFound/NotFound.tsx": {"path":"/Users/yekaterina/Documents/React /React-project/src/pages/NotFound/NotFound.tsx","statementMap":{"0":{"start":{"line":5,"column":2},"end":{"line":9,"column":null}}},"fnMap":{"0":{"name":"NotFound","decl":{"start":{"line":4,"column":9},"end":{"line":4,"column":20}},"loc":{"start":{"line":4,"column":20},"end":{"line":9,"column":null}},"line":4}},"branchMap":{},"s":{"0":1},"f":{"0":1},"b":{},"meta":{"lastBranch":0,"lastFunction":1,"lastStatement":1,"seen":{"f:4:9:4:20":0,"s:5:2:9:Infinity":0}}}
}
