{"/Users/yekaterina/Documents/React /React-project/src/App.tsx": {"path":"/Users/yekaterina/Documents/React /React-project/src/App.tsx","statementMap":{"0":{"start":{"line":29,"column":17},"end":{"line":35,"column":null}},"1":{"start":{"line":46,"column":2},"end":{"line":47,"column":null}},"2":{"start":{"line":50,"column":17},"end":{"line":93,"column":null}},"3":{"start":{"line":37,"column":18},"end":{"line":37,"column":52}},"4":{"start":{"line":39,"column":4},"end":{"line":42,"column":null}},"5":{"start":{"line":40,"column":6},"end":{"line":40,"column":null}},"6":{"start":{"line":42,"column":6},"end":{"line":42,"column":null}},"7":{"start":{"line":47,"column":4},"end":{"line":47,"column":null}},"8":{"start":{"line":51,"column":20},"end":{"line":51,"column":32}},"9":{"start":{"line":53,"column":4},"end":{"line":60,"column":null}},"10":{"start":{"line":54,"column":6},"end":{"line":54,"column":null}},"11":{"start":{"line":55,"column":6},"end":{"line":59,"column":null}},"12":{"start":{"line":60,"column":6},"end":{"line":60,"column":null}},"13":{"start":{"line":63,"column":4},"end":{"line":93,"column":null}},"14":{"start":{"line":64,"column":6},"end":{"line":64,"column":null}},"15":{"start":{"line":65,"column":6},"end":{"line":65,"column":null}},"16":{"start":{"line":66,"column":23},"end":{"line":67,"column":null}},"17":{"start":{"line":70,"column":6},"end":{"line":71,"column":null}},"18":{"start":{"line":71,"column":8},"end":{"line":71,"column":null}},"19":{"start":{"line":74,"column":36},"end":{"line":74,"column":57}},"20":{"start":{"line":76,"column":19},"end":{"line":79,"column":null}},"21":{"start":{"line":81,"column":6},"end":{"line":84,"column":null}},"22":{"start":{"line":86,"column":6},"end":{"line":86,"column":null}},"23":{"start":{"line":87,"column":6},"end":{"line":91,"column":null}},"24":{"start":{"line":93,"column":6},"end":{"line":93,"column":null}},"25":{"start":{"line":97,"column":4},"end":{"line":123,"column":null}}},"fnMap":{"0":{"name":"(anonymous_0)","decl":{"start":{"line":36,"column":2},"end":{"line":36,"column":22}},"loc":{"start":{"line":36,"column":22},"end":{"line":42,"column":null}},"line":36},"1":{"name":"(anonymous_1)","decl":{"start":{"line":46,"column":2},"end":{"line":46,"column":26}},"loc":{"start":{"line":46,"column":26},"end":{"line":47,"column":null}},"line":46},"2":{"name":"(anonymous_2)","decl":{"start":{"line":50,"column":17},"end":{"line":50,"column":24}},"loc":{"start":{"line":50,"column":42},"end":{"line":93,"column":null}},"line":50},"3":{"name":"(anonymous_3)","decl":{"start":{"line":96,"column":2},"end":{"line":96,"column":11}},"loc":{"start":{"line":96,"column":11},"end":{"line":123,"column":null}},"line":96}},"branchMap":{"0":{"loc":{"start":{"line":39,"column":4},"end":{"line":42,"column":null}},"type":"if","locations":[{"start":{"line":39,"column":4},"end":{"line":42,"column":null}},{"start":{},"end":{}}],"line":39},"1":{"loc":{"start":{"line":53,"column":4},"end":{"line":60,"column":null}},"type":"if","locations":[{"start":{"line":53,"column":4},"end":{"line":60,"column":null}},{"start":{},"end":{}}],"line":53},"2":{"loc":{"start":{"line":70,"column":6},"end":{"line":71,"column":null}},"type":"if","locations":[{"start":{"line":70,"column":6},"end":{"line":71,"column":null}},{"start":{},"end":{}}],"line":70},"3":{"loc":{"start":{"line":109,"column":13},"end":{"line":114,"column":null}},"type":"cond-expr","locations":[{"start":{"line":110,"column":14},"end":{"line":111,"column":21}},{"start":{"line":111,"column":16},"end":{"line":114,"column":null}}],"line":109},"4":{"loc":{"start":{"line":111,"column":16},"end":{"line":114,"column":null}},"type":"cond-expr","locations":[{"start":{"line":112,"column":14},"end":{"line":114,"column":15}},{"start":{"line":114,"column":14},"end":{"line":114,"column":null}}],"line":111}},"s":{"0":5,"1":0,"2":4,"3":5,"4":5,"5":1,"6":1,"7":0,"8":4,"9":4,"10":0,"11":0,"12":0,"13":4,"14":4,"15":4,"16":4,"17":4,"18":1,"19":3,"20":3,"21":3,"22":1,"23":1,"24":4,"25":13},"f":{"0":5,"1":0,"2":4,"3":13},"b":{"0":[1,4],"1":[0,4],"2":[1,3],"3":[4,9],"4":[1,8]},"meta":{"lastBranch":5,"lastFunction":4,"lastStatement":26,"seen":{"s:29:17:35:Infinity":0,"s:46:2:47:Infinity":1,"s:50:17:93:Infinity":2,"f:36:2:36:22":0,"s:37:18:37:52":3,"b:39:4:42:Infinity:undefined:undefined:undefined:undefined":0,"s:39:4:42:Infinity":4,"s:40:6:40:Infinity":5,"s:42:6:42:Infinity":6,"f:46:2:46:26":1,"s:47:4:47:Infinity":7,"f:50:17:50:24":2,"s:51:20:51:32":8,"b:53:4:60:Infinity:undefined:undefined:undefined:undefined":1,"s:53:4:60:Infinity":9,"s:54:6:54:Infinity":10,"s:55:6:59:Infinity":11,"s:60:6:60:Infinity":12,"s:63:4:93:Infinity":13,"s:64:6:64:Infinity":14,"s:65:6:65:Infinity":15,"s:66:23:67:Infinity":16,"b:70:6:71:Infinity:undefined:undefined:undefined:undefined":2,"s:70:6:71:Infinity":17,"s:71:8:71:Infinity":18,"s:74:36:74:57":19,"s:76:19:79:Infinity":20,"s:81:6:84:Infinity":21,"s:86:6:86:Infinity":22,"s:87:6:91:Infinity":23,"s:93:6:93:Infinity":24,"f:96:2:96:11":3,"s:97:4:123:Infinity":25,"b:110:14:111:21:111:16:114:Infinity":3,"b:112:14:114:15:114:14:114:Infinity":4}}}
,"/Users/yekaterina/Documents/React /React-project/src/components/Bug.tsx": {"path":"/Users/yekaterina/Documents/React /React-project/src/components/Bug.tsx","statementMap":{"0":{"start":{"line":9,"column":4},"end":{"line":10,"column":null}},"1":{"start":{"line":10,"column":6},"end":{"line":10,"column":null}},"2":{"start":{"line":12,"column":4},"end":{"line":12,"column":null}}},"fnMap":{"0":{"name":"(anonymous_0)","decl":{"start":{"line":8,"column":2},"end":{"line":8,"column":11}},"loc":{"start":{"line":8,"column":11},"end":{"line":12,"column":null}},"line":8}},"branchMap":{"0":{"loc":{"start":{"line":9,"column":4},"end":{"line":10,"column":null}},"type":"if","locations":[{"start":{"line":9,"column":4},"end":{"line":10,"column":null}},{"start":{},"end":{}}],"line":9}},"s":{"0":13,"1":0,"2":13},"f":{"0":13},"b":{"0":[0,13]},"meta":{"lastBranch":1,"lastFunction":1,"lastStatement":3,"seen":{"f:8:2:8:11":0,"b:9:4:10:Infinity:undefined:undefined:undefined:undefined":0,"s:9:4:10:Infinity":0,"s:10:6:10:Infinity":1,"s:12:4:12:Infinity":2}}}
,"/Users/yekaterina/Documents/React /React-project/src/components/Card.tsx": {"path":"/Users/yekaterina/Documents/React /React-project/src/components/Card.tsx","statementMap":{"0":{"start":{"line":11,"column":34},"end":{"line":11,"column":null}},"1":{"start":{"line":12,"column":4},"end":{"line":15,"column":null}}},"fnMap":{"0":{"name":"(anonymous_0)","decl":{"start":{"line":10,"column":2},"end":{"line":10,"column":11}},"loc":{"start":{"line":10,"column":11},"end":{"line":15,"column":null}},"line":10}},"branchMap":{},"s":{"0":6,"1":6},"f":{"0":6},"b":{},"meta":{"lastBranch":0,"lastFunction":1,"lastStatement":2,"seen":{"f:10:2:10:11":0,"s:11:34:11:Infinity":0,"s:12:4:15:Infinity":1}}}
,"/Users/yekaterina/Documents/React /React-project/src/components/CardList.tsx": {"path":"/Users/yekaterina/Documents/React /React-project/src/components/CardList.tsx","statementMap":{"0":{"start":{"line":16,"column":22},"end":{"line":16,"column":null}},"1":{"start":{"line":17,"column":4},"end":{"line":29,"column":null}},"2":{"start":{"line":24,"column":12},"end":{"line":28,"column":null}}},"fnMap":{"0":{"name":"(anonymous_0)","decl":{"start":{"line":15,"column":2},"end":{"line":15,"column":11}},"loc":{"start":{"line":15,"column":11},"end":{"line":29,"column":null}},"line":15},"1":{"name":"(anonymous_1)","decl":{"start":{"line":23,"column":16},"end":{"line":23,"column":21}},"loc":{"start":{"line":24,"column":12},"end":{"line":28,"column":null}},"line":24}},"branchMap":{"0":{"loc":{"start":{"line":20,"column":9},"end":{"line":28,"column":null}},"type":"cond-expr","locations":[{"start":{"line":21,"column":10},"end":{"line":23,"column":16}},{"start":{"line":23,"column":10},"end":{"line":28,"column":null}}],"line":20}},"s":{"0":10,"1":10,"2":5},"f":{"0":10,"1":5},"b":{"0":[6,4]},"meta":{"lastBranch":1,"lastFunction":2,"lastStatement":3,"seen":{"f:15:2:15:11":0,"s:16:22:16:Infinity":0,"s:17:4:29:Infinity":1,"b:21:10:23:16:23:10:28:Infinity":0,"f:23:16:23:21":1,"s:24:12:28:Infinity":2}}}
,"/Users/yekaterina/Documents/React /React-project/src/components/ErrorBoundary.tsx": {"path":"/Users/yekaterina/Documents/React /React-project/src/components/ErrorBoundary.tsx","statementMap":{"0":{"start":{"line":12,"column":17},"end":{"line":13,"column":null}},"1":{"start":{"line":16,"column":4},"end":{"line":16,"column":null}},"2":{"start":{"line":19,"column":4},"end":{"line":19,"column":null}},"3":{"start":{"line":22,"column":4},"end":{"line":26,"column":null}},"4":{"start":{"line":23,"column":6},"end":{"line":26,"column":null}},"5":{"start":{"line":30,"column":4},"end":{"line":30,"column":null}}},"fnMap":{"0":{"name":"(anonymous_0)","decl":{"start":{"line":15,"column":9},"end":{"line":15,"column":43}},"loc":{"start":{"line":15,"column":43},"end":{"line":16,"column":null}},"line":15},"1":{"name":"(anonymous_1)","decl":{"start":{"line":18,"column":2},"end":{"line":18,"column":20}},"loc":{"start":{"line":18,"column":40},"end":{"line":19,"column":null}},"line":18},"2":{"name":"(anonymous_2)","decl":{"start":{"line":21,"column":2},"end":{"line":21,"column":11}},"loc":{"start":{"line":21,"column":11},"end":{"line":30,"column":null}},"line":21}},"branchMap":{"0":{"loc":{"start":{"line":22,"column":4},"end":{"line":26,"column":null}},"type":"if","locations":[{"start":{"line":22,"column":4},"end":{"line":26,"column":null}},{"start":{},"end":{}}],"line":22}},"s":{"0":7,"1":2,"2":1,"3":17,"4":2,"5":15},"f":{"0":7,"1":1,"2":17},"b":{"0":[2,15]},"meta":{"lastBranch":1,"lastFunction":3,"lastStatement":6,"seen":{"s:12:17:13:Infinity":0,"f:15:9:15:43":0,"s:16:4:16:Infinity":1,"f:18:2:18:20":1,"s:19:4:19:Infinity":2,"f:21:2:21:11":2,"b:22:4:26:Infinity:undefined:undefined:undefined:undefined":0,"s:22:4:26:Infinity":3,"s:23:6:26:Infinity":4,"s:30:4:30:Infinity":5}}}
,"/Users/yekaterina/Documents/React /React-project/src/components/Header.tsx": {"path":"/Users/yekaterina/Documents/React /React-project/src/components/Header.tsx","statementMap":{"0":{"start":{"line":5,"column":4},"end":{"line":5,"column":null}}},"fnMap":{"0":{"name":"(anonymous_0)","decl":{"start":{"line":4,"column":2},"end":{"line":4,"column":11}},"loc":{"start":{"line":4,"column":11},"end":{"line":5,"column":null}},"line":4}},"branchMap":{},"s":{"0":13},"f":{"0":13},"b":{},"meta":{"lastBranch":0,"lastFunction":1,"lastStatement":1,"seen":{"f:4:2:4:11":0,"s:5:4:5:Infinity":0}}}
,"/Users/yekaterina/Documents/React /React-project/src/components/Search.tsx": {"path":"/Users/yekaterina/Documents/React /React-project/src/components/Search.tsx","statementMap":{"0":{"start":{"line":14,"column":17},"end":{"line":15,"column":null}},"1":{"start":{"line":24,"column":2},"end":{"line":25,"column":null}},"2":{"start":{"line":28,"column":2},"end":{"line":29,"column":null}},"3":{"start":{"line":19,"column":4},"end":{"line":20,"column":null}},"4":{"start":{"line":20,"column":6},"end":{"line":20,"column":null}},"5":{"start":{"line":25,"column":4},"end":{"line":25,"column":null}},"6":{"start":{"line":29,"column":4},"end":{"line":29,"column":null}},"7":{"start":{"line":33,"column":4},"end":{"line":44,"column":null}}},"fnMap":{"0":{"name":"(anonymous_0)","decl":{"start":{"line":18,"column":2},"end":{"line":18,"column":21}},"loc":{"start":{"line":18,"column":39},"end":{"line":20,"column":null}},"line":18},"1":{"name":"(anonymous_1)","decl":{"start":{"line":24,"column":2},"end":{"line":24,"column":18}},"loc":{"start":{"line":24,"column":61},"end":{"line":25,"column":null}},"line":24},"2":{"name":"(anonymous_2)","decl":{"start":{"line":28,"column":2},"end":{"line":28,"column":28}},"loc":{"start":{"line":28,"column":28},"end":{"line":29,"column":null}},"line":28},"3":{"name":"(anonymous_3)","decl":{"start":{"line":32,"column":2},"end":{"line":32,"column":11}},"loc":{"start":{"line":32,"column":11},"end":{"line":44,"column":null}},"line":32}},"branchMap":{"0":{"loc":{"start":{"line":19,"column":4},"end":{"line":20,"column":null}},"type":"if","locations":[{"start":{"line":19,"column":4},"end":{"line":20,"column":null}},{"start":{},"end":{}}],"line":19}},"s":{"0":6,"1":28,"2":4,"3":40,"4":4,"5":28,"6":4,"7":46},"f":{"0":40,"1":28,"2":4,"3":46},"b":{"0":[4,36]},"meta":{"lastBranch":1,"lastFunction":4,"lastStatement":8,"seen":{"s:14:17:15:Infinity":0,"s:24:2:25:Infinity":1,"s:28:2:29:Infinity":2,"f:18:2:18:21":0,"b:19:4:20:Infinity:undefined:undefined:undefined:undefined":0,"s:19:4:20:Infinity":3,"s:20:6:20:Infinity":4,"f:24:2:24:18":1,"s:25:4:25:Infinity":5,"f:28:2:28:28":2,"s:29:4:29:Infinity":6,"f:32:2:32:11":3,"s:33:4:44:Infinity":7}}}
}
